<?xml version="1.0" encoding="UTF-8"?>
<!-- Generated by org.testng.reporters.JUnitReportReporter -->
<testsuite hostname="DESKTOP-AGUS0T5" failures="0" tests="3" name="testNGpractice.day4" time="0.090" errors="0" timestamp="2022-11-15T14:53:08 IST" skipped="0">
  <testcase classname="testNGpractice.day4" name="WebloginHomeloan" time="0.012"/>
  <system-out/>
  <testcase classname="testNGpractice.day4" name="LoginAPIHomeloan" time="0.042"/>
  <system-out/>
  <testcase classname="testNGpractice.day4" name="MobileloginHomeloan" time="0.036"/>
  <system-out/>
</testsuite> <!-- testNGpractice.day4 -->
