<?xml version="1.0" encoding="UTF-8"?>
<!-- Generated by org.testng.reporters.JUnitReportReporter -->
<testsuite hostname="DESKTOP-AGUS0T5" failures="0" tests="1" name="mavencommands.Amazon" time="34.625" errors="0" timestamp="2023-07-18T18:14:11 IST" skipped="0">
  <testcase classname="mavencommands.Amazon" name="openAmazon" time="34.625"/>
  <system-out/>
</testsuite> <!-- mavencommands.Amazon -->
