<?xml version="1.0" encoding="UTF-8"?>
<!-- Generated by org.testng.reporters.JUnitReportReporter -->
<testsuite hostname="DESKTOP-AGUS0T5" failures="0" tests="1" name="testNGpractice.FireFoxDriver" time="35.480" errors="0" timestamp="2023-07-01T14:38:38 IST" skipped="0">
  <testcase classname="testNGpractice.FireFoxDriver" name="f" time="35.480"/>
  <system-out/>
</testsuite> <!-- testNGpractice.FireFoxDriver -->
