<?xml version="1.0" encoding="UTF-8"?>
<!-- Generated by org.testng.reporters.JUnitReportReporter -->
<testsuite hostname="DESKTOP-AGUS0T5" failures="0" tests="1" name="testNGpractice.Testngsample" time="0.083" errors="0" timestamp="2022-11-15T14:13:51 IST" skipped="0">
  <testcase classname="testNGpractice.Testngsample" name="Demo" time="0.083"/>
  <system-out/>
</testsuite> <!-- testNGpractice.Testngsample -->
