<?xml version="1.0" encoding="UTF-8"?>
<!-- Generated by org.testng.reporters.JUnitReportReporter -->
<testsuite hostname="DESKTOP-AGUS0T5" failures="0" tests="1" name="mavencommands.Filipkart" time="16.515" errors="0" timestamp="2023-07-18T18:14:11 IST" skipped="0">
  <testcase classname="mavencommands.Filipkart" name="openFilipkart" time="16.515"/>
  <system-out/>
</testsuite> <!-- mavencommands.Filipkart -->
