<?xml version="1.0" encoding="UTF-8"?>
<!-- Generated by org.testng.reporters.JUnitReportReporter -->
<testsuite hostname="DESKTOP-AGUS0T5" failures="0" tests="3" name="testNGpractice.day3" time="0.058" errors="0" timestamp="2022-11-15T14:50:20 IST" skipped="0">
  <testcase classname="testNGpractice.day3" name="WebloginCarloan" time="0.013"/>
  <system-out/>
  <testcase classname="testNGpractice.day3" name="LoginAPICarloan" time="0.043"/>
  <system-out/>
  <testcase classname="testNGpractice.day3" name="MobileloginCarloan" time="0.002"/>
  <system-out/>
</testsuite> <!-- testNGpractice.day3 -->
