<?xml version="1.0" encoding="UTF-8"?>
<!-- Generated by org.testng.reporters.JUnitReportReporter -->
<testsuite hostname="DESKTOP-AGUS0T5" failures="0" tests="2" name="testNGpractice.day1" time="0.028" errors="0" timestamp="2022-11-18T11:07:05 IST" skipped="0">
  <testcase classname="testNGpractice.day1" name="SecondDemo" time="0.004"/>
  <system-out/>
  <testcase classname="testNGpractice.day1" name="Demo" time="0.024"/>
  <system-out/>
</testsuite> <!-- testNGpractice.day1 -->
