<?xml version="1.0" encoding="UTF-8"?>
<!-- Generated by org.testng.reporters.JUnitReportReporter -->
<testsuite hostname="DESKTOP-AGUS0T5" failures="0" tests="2" name="testNGpractice.day2" time="0.022" errors="0" timestamp="2022-11-18T11:07:05 IST" skipped="0">
  <testcase classname="testNGpractice.day2" name="loan" time="0.012"/>
  <system-out/>
  <testcase classname="testNGpractice.day2" name="SecondDemo" time="0.010"/>
  <system-out/>
</testsuite> <!-- testNGpractice.day2 -->
