<?xml version="1.0" encoding="UTF-8"?>
<!-- Generated by org.testng.reporters.JUnitReportReporter -->
<testsuite hostname="DESKTOP-AGUS0T5" failures="0" tests="1" name="mavencommands.Ajio" time="33.119" errors="0" timestamp="2023-07-18T18:14:11 IST" skipped="0">
  <testcase classname="mavencommands.Ajio" name="openAjio" time="33.119"/>
  <system-out/>
</testsuite> <!-- mavencommands.Ajio -->
