<?xml version="1.0" encoding="UTF-8"?>
<!-- Generated by org.testng.reporters.JUnitReportReporter -->
<testsuite hostname="DESKTOP-AGUS0T5" failures="0" tests="3" name="testNGpractice.AnnotationsStudy1" time="0.045" errors="0" timestamp="2023-07-08T15:29:20 IST" skipped="0">
  <testcase classname="testNGpractice.AnnotationsStudy1" name="testCase2" time="0.005"/>
  <system-out>
    <![CDATA[testCase2 is running]]>
  </system-out>
  <testcase classname="testNGpractice.AnnotationsStudy1" name="testCase3" time="0.015"/>
  <system-out>
    <![CDATA[testCase3 is running]]>
  </system-out>
  <testcase classname="testNGpractice.AnnotationsStudy1" name="testCase1" time="0.025"/>
  <system-out>
    <![CDATA[testCase1 is running]]>
  </system-out>
</testsuite> <!-- testNGpractice.AnnotationsStudy1 -->
