<?xml version="1.0" encoding="UTF-8"?>
<!-- Generated by org.testng.reporters.JUnitReportReporter -->
<testsuite hostname="DESKTOP-AGUS0T5" failures="0" tests="1" name="Listner.Demo" time="10.407" errors="0" timestamp="2023-09-03T20:39:11 IST" skipped="0">
  <testcase classname="Listner.Demo" name="testOne" time="10.407"/>
  <system-out/>
</testsuite> <!-- Listner.Demo -->
